<?xml version="1.0" encoding="UTF-8"?>
<testsuite xmlns:xsi="http://www.w3.org/2001/XMLSchema-instance" xsi:noNamespaceSchemaLocation="https://maven.apache.org/surefire/maven-surefire-plugin/xsd/surefire-test-report.xsd" name="TestSuite" time="99.763" tests="4" errors="0" skipped="0" failures="0">
  <properties>
[...]
</properties>
  <testcase name="login" classname="test.java.Book1On1_testcases" time="4.538"/>
  <testcase name="verifyMyBookingPageTitle" classname="test.java.Book1On1_testcases" time="0.006"/>
  <testcase name="verifyBook1On1SuccessMessage" classname="test.java.Book1On1_testcases" time="7.842"/>
  <testcase name="verifySlotOnMyBookings" classname="test.java.Book1On1_testcases" time="8.203"/>
</testsuite>