<?xml version="1.0" encoding="UTF-8"?>
<!-- Generated by org.testng.reporters.JUnitXMLReporter -->
<testsuite ignored="0" hostname="PTPL-LAP-088" failures="0" tests="4" name="Assignment" time="99.068" errors="0" timestamp="22 Apr 2021 12:48:52 GMT">
  <testcase classname="test.java.Book1On1_testcases" name="login" time="4.536"/>
  <testcase classname="test.java.Book1On1_testcases" name="verifyMyBookingPageTitle" time="0.006"/>
  <testcase classname="test.java.Book1On1_testcases" name="verifyBook1On1SuccessMessage" time="7.846"/>
  <testcase classname="test.java.Book1On1_testcases" name="verifySlotOnMyBookings" time="8.203"/>
</testsuite> <!-- Assignment -->
